# JRE version: Java(TM) SE Runtime Environment (8.0_40-b25) (build 1.8.0_40-b25)
# Java VM: Java HotSpot(TM) 64-Bit Server VM (25.40-b25 mixed mode windows-amd64 compressed oops)
Heap:
 PSYoungGen      total 75776K, used 27639K [0x000000076b600000, 0x0000000774a00000, 0x00000007c0000000)
  eden space 65024K, 25% used [0x000000076b600000,0x000000076c67fdf0,0x000000076f580000)
  from space 10752K, 99% used [0x000000076f580000,0x000000076fffded0,0x0000000770000000)
  to   space 10752K, 0% used [0x0000000773f80000,0x0000000773f80000,0x0000000774a00000)
 ParOldGen       total 173568K, used 13076K [0x00000006c2200000, 0x00000006ccb80000, 0x000000076b600000)
  object space 173568K, 7% used [0x00000006c2200000,0x00000006c2ec50d0,0x00000006ccb80000)
 Metaspace       used 17412K, capacity 17586K, committed 17792K, reserved 1064960K
  class space    used 1774K, capacity 1841K, committed 1920K, reserved 1048576K
GC Heap History (6 events):
Event: 1.411 GC heap before
{Heap before GC invocations=1 (full 0):
 PSYoungGen      total 75776K, used 65024K [0x000000076b600000, 0x0000000770a80000, 0x00000007c0000000)
  eden space 65024K, 100% used [0x000000076b600000,0x000000076f580000,0x000000076f580000)
  from space 10752K, 0% used [0x0000000770000000,0x0000000770000000,0x0000000770a80000)
  to   space 10752K, 0% used [0x000000076f580000,0x000000076f580000,0x0000000770000000)
 ParOldGen       total 173568K, used 0K [0x00000006c2200000, 0x00000006ccb80000, 0x000000076b600000)
  object space 173568K, 0% used [0x00000006c2200000,0x00000006c2200000,0x00000006ccb80000)
 Metaspace       used 11063K, capacity 11178K, committed 11520K, reserved 1058816K
  class space    used 1133K, capacity 1169K, committed 1280K, reserved 1048576K
Event: 1.418 GC heap after
Heap after GC invocations=1 (full 0):
 PSYoungGen      total 75776K, used 9739K [0x000000076b600000, 0x0000000770a80000, 0x00000007c0000000)
  eden space 65024K, 0% used [0x000000076b600000,0x000000076b600000,0x000000076f580000)
  from space 10752K, 90% used [0x000000076f580000,0x000000076ff02e78,0x0000000770000000)
  to   space 10752K, 0% used [0x0000000770000000,0x0000000770000000,0x0000000770a80000)
 ParOldGen       total 173568K, used 80K [0x00000006c2200000, 0x00000006ccb80000, 0x000000076b600000)
  object space 173568K, 0% used [0x00000006c2200000,0x00000006c2214010,0x00000006ccb80000)
 Metaspace       used 11063K, capacity 11178K, committed 11520K, reserved 1058816K
  class space    used 1133K, capacity 1169K, committed 1280K, reserved 1048576K
}
Event: 1.830 GC heap before
{Heap before GC invocations=2 (full 0):
 PSYoungGen      total 75776K, used 74763K [0x000000076b600000, 0x0000000770a80000, 0x00000007c0000000)
  eden space 65024K, 100% used [0x000000076b600000,0x000000076f580000,0x000000076f580000)
  from space 10752K, 90% used [0x000000076f580000,0x000000076ff02e78,0x0000000770000000)
  to   space 10752K, 0% used [0x0000000770000000,0x0000000770000000,0x0000000770a80000)
 ParOldGen       total 173568K, used 80K [0x00000006c2200000, 0x00000006ccb80000, 0x000000076b600000)
  object space 173568K, 0% used [0x00000006c2200000,0x00000006c2214010,0x00000006ccb80000)
 Metaspace       used 14443K, capacity 14656K, committed 14848K, reserved 1062912K
  class space    used 1431K, capacity 1498K, committed 1536K, reserved 1048576K
Event: 1.841 GC heap after
Heap after GC invocations=2 (full 0):
 PSYoungGen      total 75776K, used 10728K [0x000000076b600000, 0x0000000774a00000, 0x00000007c0000000)
  eden space 65024K, 0% used [0x000000076b600000,0x000000076b600000,0x000000076f580000)
  from space 10752K, 99% used [0x0000000770000000,0x0000000770a7a040,0x0000000770a80000)
  to   space 10752K, 0% used [0x000000076f580000,0x000000076f580000,0x0000000770000000)
 ParOldGen       total 173568K, used 5075K [0x00000006c2200000, 0x00000006ccb80000, 0x000000076b600000)
  object space 173568K, 2% used [0x00000006c2200000,0x00000006c26f4cc0,0x00000006ccb80000)
 Metaspace       used 14443K, capacity 14656K, committed 14848K, reserved 1062912K
  class space    used 1431K, capacity 1498K, committed 1536K, reserved 1048576K
}
Event: 2.181 GC heap before
{Heap before GC invocations=3 (full 0):
 PSYoungGen      total 75776K, used 75752K [0x000000076b600000, 0x0000000774a00000, 0x00000007c0000000)
  eden space 65024K, 100% used [0x000000076b600000,0x000000076f580000,0x000000076f580000)
  from space 10752K, 99% used [0x0000000770000000,0x0000000770a7a040,0x0000000770a80000)
  to   space 10752K, 0% used [0x000000076f580000,0x000000076f580000,0x0000000770000000)
 ParOldGen       total 173568K, used 5075K [0x00000006c2200000, 0x00000006ccb80000, 0x000000076b600000)
  object space 173568K, 2% used [0x00000006c2200000,0x00000006c26f4cc0,0x00000006ccb80000)
 Metaspace       used 16742K, capacity 16946K, committed 17152K, reserved 1064960K
  class space    used 1712K, capacity 1777K, committed 1792K, reserved 1048576K
Event: 2.196 GC heap after
Heap after GC invocations=3 (full 0):
 PSYoungGen      total 75776K, used 10743K [0x000000076b600000, 0x0000000774a00000, 0x00000007c0000000)
  eden space 65024K, 0% used [0x000000076b600000,0x000000076b600000,0x000000076f580000)
  from space 10752K, 99% used [0x000000076f580000,0x000000076fffded0,0x0000000770000000)
  to   space 10752K, 0% used [0x0000000773f80000,0x0000000773f80000,0x0000000774a00000)
 ParOldGen       total 173568K, used 13076K [0x00000006c2200000, 0x00000006ccb80000, 0x000000076b600000)
  object space 173568K, 7% used [0x00000006c2200000,0x00000006c2ec50d0,0x00000006ccb80000)
 Metaspace       used 16742K, capacity 16946K, committed 17152K, reserved 1064960K
  class space    used 1712K, capacity 1777K, committed 1792K, reserved 1048576K
}

