<?xml version="1.0" encoding="UTF-8"?>
<testsuite xmlns:xsi="http://www.w3.org/2001/XMLSchema-instance" xsi:noNamespaceSchemaLocation="https://maven.apache.org/surefire/maven-surefire-plugin/xsd/surefire-test-report.xsd" name="TestSuite" time="29.957" tests="52" errors="0" skipped="0" failures="0">
  <properties>
[...]
</properties>
  <testcase name="filterCon" classname="com.fc.community.AllSiteData" time="0.671"/>
  <testcase name="filterCon" classname="com.fc.community.Collection" time="3.156"/>
  <testcase name="filterCon" classname="com.fc.community.CollectionStatus" time="0.091"/>
  <testcase name="filterCon" classname="com.fc.community.CommunityDetail" time="0.511"/>
  <testcase name="filterCon" classname="com.fc.community.CommunityList" time="1.369"/>
  <testcase name="filterCon" classname="com.fc.community.FilterCondition" time="0.032"/>
  <testcase name="filterCon" classname="com.fc.community.GetSeneschal" time="0.002"/>
  <testcase name="filterCon" classname="com.fc.community.HotHouseRents" time="0.28"/>
  <testcase name="filterCon" classname="com.fc.community.HotHouses" time="0.316"/>
  <testcase name="filterCon" classname="com.fc.community.HotWord" time="0.003"/>
  <testcase name="filterCon" classname="com.fc.community.ListsByLpIds" time="0.05"/>
  <testcase name="filterCon" classname="com.fc.community.Metion" time="0.006"/>
  <testcase name="filterCon" classname="com.fc.community.NearHouse" time="0.28"/>
  <testcase name="filterCon" classname="com.fc.community.NearHouseRent" time="0.319"/>
  <testcase name="filterCon" classname="com.fc.newHouse.GetSiteList" time="3.323"/>
  <testcase name="filterCon" classname="com.fc.newHouse.HouseDetail" time="0.038"/>
  <testcase name="filterCon" classname="com.fc.newHouse.HouseHeader" time="0.023"/>
  <testcase name="filterCon" classname="com.fc.newHouse.HouseIndex" time="2.523"/>
  <testcase name="filterCon" classname="com.fc.newHouse.HouseList" time="2.465"/>
  <testcase name="filterCon" classname="com.fc.newHouse.HouseImg" time="0.733"/>
  <testcase name="filterCon" classname="com.fc.newHouse.HouseRoomtypeDetail" time="0.384"/>
  <testcase name="filterCon" classname="com.fc.newHouse.HouseTrendDetail" time="0.587"/>
  <testcase name="filterCon" classname="com.fc.newHouse.HouseRate" time="0.011"/>
  <testcase name="filterCon" classname="com.fc.newHouse.HouseMapLocation" time="0.226"/>
  <testcase name="filterCon" classname="com.fc.newHouse.HouseMap" time="0.619"/>
  <testcase name="filterCon" classname="com.fc.newHouse.HouseMapArea" time="0.087"/>
  <testcase name="filterCon" classname="com.fc.newHouse.HouseSiteNewList" time="0.071"/>
  <testcase name="filterCon" classname="com.fc.newHouse.HouseSiteHotList" time="0.015"/>
  <testcase name="filterCon" classname="com.fc.newHouse.HouseRoomBenefit" time="0.149"/>
  <testcase name="filterCon" classname="com.fc.newHouse.HouseOpenTime" time="0.054"/>
  <testcase name="filterCon" classname="com.fc.newHouse.HouseSites" time="2.553"/>
  <testcase name="filterCon" classname="com.fc.newHouse.HouseActive" time="0.009"/>
  <testcase name="filterCon" classname="com.fc.newHouse.HouseDetailByDictIds" time="0.474"/>
  <testcase name="filterCon" classname="com.fc.newHouse.HouseRoomtypeList" time="0.166"/>
  <testcase name="filterCon" classname="com.fc.newHouse.HousePriceTrend" time="0.229"/>
  <testcase name="filterCon" classname="com.fc.newHouse.HouseRecommend" time="0.209"/>
  <testcase name="filterCon" classname="com.fc.newHouse.HouseCorrection" time="0.001"/>
  <testcase name="filterCon" classname="com.fc.newHouse.HouseFilter" time="4.922"/>
  <testcase name="filterCon" classname="com.fc.newHouse.HouseNewTrend" time="0.081"/>
  <testcase name="filterCon" classname="com.fc.newHouse.HouseEnPerfixList" time="0.554"/>
  <testcase name="filterCon" classname="com.fc.headNet.Active" time="0.006"/>
  <testcase name="filterCon" classname="com.fc.headNet.CheckSurvey" time="0.001"/>
  <testcase name="filterCon" classname="com.fc.headNet.Exists" time="0.004"/>
  <testcase name="filterCon" classname="com.fc.headNet.FilterList" time="0.131"/>
  <testcase name="filterCon" classname="com.fc.headNet.GetDictById" time="0.026"/>
  <testcase name="filterCon" classname="com.fc.headNet.GetDictListByName" time="0.001"/>
  <testcase name="filterCon" classname="com.fc.headNet.Getinfo" time="0.004"/>
  <testcase name="filterCon" classname="com.fc.headNet.GetRecommend" time="0.196"/>
  <testcase name="filterCon" classname="com.fc.headNet.NetGetSiteList" time="0.372"/>
  <testcase name="filterCon" classname="com.fc.headNet.GetSurvey" time="0.001"/>
  <testcase name="filterCon" classname="com.fc.headNet.RoomCard" time="0.024"/>
  <testcase name="filterCon" classname="com.fc.headNet.UcmsFilterList" time="0.009"/>
</testsuite>