<?xml version="1.0" encoding="UTF-8"?>
<testsuite xmlns:xsi="http://www.w3.org/2001/XMLSchema-instance" xsi:noNamespaceSchemaLocation="https://maven.apache.org/surefire/maven-surefire-plugin/xsd/surefire-test-report.xsd" name="TestSuite" time="4.548" tests="14" errors="0" skipped="0" failures="0">
  <properties>
[...]
</properties>
  <testcase name="filterCon" classname="com.fc.community.AllSiteData" time="0.635"/>
  <testcase name="filterCon" classname="com.fc.community.Collection" time="0.392"/>
  <testcase name="filterCon" classname="com.fc.community.CollectionStatus" time="0.096"/>
  <testcase name="filterCon" classname="com.fc.community.CommunityDetail" time="0.382"/>
  <testcase name="filterCon" classname="com.fc.community.CommunityList" time="0.787"/>
  <testcase name="filterCon" classname="com.fc.community.FilterCondition" time="0.022"/>
  <testcase name="filterCon" classname="com.fc.community.GetSeneschal" time="0.002"/>
  <testcase name="filterCon" classname="com.fc.community.HotHouseRents" time="0.147"/>
  <testcase name="filterCon" classname="com.fc.community.HotHouses" time="0.173"/>
  <testcase name="filterCon" classname="com.fc.community.HotWord" time="0.001"/>
  <testcase name="filterCon" classname="com.fc.community.ListsByLpIds" time="0.03"/>
  <testcase name="filterCon" classname="com.fc.community.Metion" time="0.007"/>
  <testcase name="filterCon" classname="com.fc.community.NearHouse" time="0.16"/>
  <testcase name="filterCon" classname="com.fc.community.NearHouseRent" time="0.158"/>
</testsuite>